0 info it worked if it ends with ok
1 verbose cli [ 'C:\\Program Files\\nodejs\\node.exe',
1 verbose cli   'C:\\Users\\Patrick\\AppData\\Roaming\\npm\\node_modules\\npm\\bin\\npm-cli.js',
1 verbose cli   'start' ]
2 info using npm@4.0.0
3 info using node@v6.2.0
4 verbose run-script [ 'prestart', 'start', 'poststart' ]
5 info lifecycle nasa-gui@1.0.0~prestart: nasa-gui@1.0.0
6 silly lifecycle nasa-gui@1.0.0~prestart: no script for prestart, continuing
7 info lifecycle nasa-gui@1.0.0~start: nasa-gui@1.0.0
8 verbose lifecycle nasa-gui@1.0.0~start: unsafe-perm in lifecycle true
9 verbose lifecycle nasa-gui@1.0.0~start: PATH: C:\Users\Patrick\AppData\Roaming\npm\node_modules\npm\bin\node-gyp-bin;C:\Code\MACE\ElectronGUI\node_modules\.bin;C:\Program Files\ConEmu\ConEmu\Scripts;C:\Program Files\ConEmu;C:\Program Files\ConEmu\ConEmu;C:\ProgramData\Oracle\Java\javapath;C:\WINDOWS\system32;C:\WINDOWS;C:\WINDOWS\System32\Wbem;C:\WINDOWS\System32\WindowsPowerShell\v1.0\;C:\Program Files\Java\jdk1.8.0_91\bin;C:\Program Files\Java\jdk1.8.0_91;C:\gradle-2.12\bin;C:\Users\Patrick\AppData\Local\Android\Sdk\platform-tools;C:\Program Files\MATLAB\R2016a\bin;C:\Program Files\Git\cmd;C:\Program Files\nodejs\;C:\Program Files (x86)\Skype\Phone\;C:\Anaconda2;C:\Anaconda2\Scripts;C:\Anaconda2\Library\bin;C:\Program Files\CMake\bin;C:\Program Files\Microsoft SQL Server\130\Tools\Binn\;C:\Program Files (x86)\Windows Kits\10\Windows Performance Toolkit\;C:\Program Files (x86)\Windows Kits\8.1\Windows Performance Toolkit\;C:\Program Files\Microsoft SQL Server\110\Tools\Binn\;C:\Program Files (x86)\Microsoft SDKs\TypeScript\1.0\;C:\Program Files\Microsoft SQL Server\120\Tools\Binn\;C:\swigwin-3.0.10;C:/Code/MACE\bin;C:/Code/MACE\lib;C:\MinGW\bin;C:\Users\Patrick\AppData\Roaming\npm;C:\Users\Patrick\AppData\Local\Microsoft\WindowsApps;C:\Program Files (x86)\Microsoft VS Code\bin
10 verbose lifecycle nasa-gui@1.0.0~start: CWD: C:\Code\MACE\ElectronGUI
11 silly lifecycle nasa-gui@1.0.0~start: Args: [ '/d /s /c', 'electron ./main.js' ]
12 silly lifecycle nasa-gui@1.0.0~start: Returned: code: 3221226525  signal: null
13 info lifecycle nasa-gui@1.0.0~start: Failed to exec start script
14 verbose stack Error: nasa-gui@1.0.0 start: `electron ./main.js`
14 verbose stack Exit status 3221226525
14 verbose stack     at EventEmitter.<anonymous> (C:\Users\Patrick\AppData\Roaming\npm\node_modules\npm\lib\utils\lifecycle.js:277:16)
14 verbose stack     at emitTwo (events.js:106:13)
14 verbose stack     at EventEmitter.emit (events.js:191:7)
14 verbose stack     at ChildProcess.<anonymous> (C:\Users\Patrick\AppData\Roaming\npm\node_modules\npm\lib\utils\spawn.js:40:14)
14 verbose stack     at emitTwo (events.js:106:13)
14 verbose stack     at ChildProcess.emit (events.js:191:7)
14 verbose stack     at maybeClose (internal/child_process.js:850:16)
14 verbose stack     at Process.ChildProcess._handle.onexit (internal/child_process.js:215:5)
15 verbose pkgid nasa-gui@1.0.0
16 verbose cwd C:\Code\MACE\ElectronGUI
17 error Windows_NT 10.0.14393
18 error argv "C:\\Program Files\\nodejs\\node.exe" "C:\\Users\\Patrick\\AppData\\Roaming\\npm\\node_modules\\npm\\bin\\npm-cli.js" "start"
19 error node v6.2.0
20 error npm  v4.0.0
21 error code ELIFECYCLE
22 error nasa-gui@1.0.0 start: `electron ./main.js`
22 error Exit status 3221226525
23 error Failed at the nasa-gui@1.0.0 start script 'electron ./main.js'.
23 error Make sure you have the latest version of node.js and npm installed.
23 error If you do, this is most likely a problem with the nasa-gui package,
23 error not with npm itself.
23 error Tell the author that this fails on your system:
23 error     electron ./main.js
23 error You can get information on how to open an issue for this project with:
23 error     npm bugs nasa-gui
23 error Or if that isn't available, you can get their info via:
23 error     npm owner ls nasa-gui
23 error There is likely additional logging output above.
24 verbose exit [ 1, true ]
